LOG (VoskAPI:ReadDataFiles():model.cc:213) Decoding params beam=10 max-active=3000 lattice-beam=2
LOG (VoskAPI:ReadDataFiles():model.cc:216) Silence phones 1:2:3:4:5:6:7:8:9:10
LOG (VoskAPI:RemoveOrphanNodes():nnet-nnet.cc:948) Removed 0 orphan nodes.
LOG (VoskAPI:RemoveOrphanComponents():nnet-nnet.cc:847) Removing 0 orphan components.
LOG (VoskAPI:ReadDataFiles():model.cc:248) Loading i-vector extractor from vosk-model-small-en-us-0.15/ivector/final.ie
LOG (VoskAPI:ComputeDerivedVars():ivector-extractor.cc:183) Computing derived variables for iVector extractor
LOG (VoskAPI:ComputeDerivedVars():ivector-extractor.cc:204) Done.
LOG (VoskAPI:ReadDataFiles():model.cc:282) Loading HCL and G from vosk-model-small-en-us-0.15/graph/HCLr.fst vosk-model-small-en-us-0.15/graph/Gr.fst
LOG (VoskAPI:ReadDataFiles():model.cc:308) Loading winfo vosk-model-small-en-us-0.15/graph/phones/word_boundary.int
LOG (VoskAPI:UpdateGrammarFst():recognizer.cc:287) ["close", "zoom in", "zoom out", "next", "back", "up", "down", "right", "left", "task", "document", "exit", "one", "two", "three", "four", "five", "six", "seven", "eight", "nine", "ten", "eleven", "twelve", "thirteen", "fourteen", "fifteen", "sixteen", "seventeen", "eighteen", "nineteen", "twenty", "help", "video", "play", "stop", "pause", "loud", "calm", "lang", "helmet", "turn", "standalone", "call", "setup", "arabic", "russian", "english", "audio", "volume", "reset", "microphone", "camera", "snapshot"]
LOG (VoskAPI:Estimate():language_model.cc:142) Estimating language model with ngram-order=2, discount=0.5
LOG (VoskAPI:OutputToFst():language_model.cc:209) Created language model with 56 states and 112 arcs.
[ WARN:0@8.280] global ./modules/videoio/src/cap_gstreamer.cpp (1405) open OpenCV | GStreamer warning: Cannot query video position: status=0, value=-1, duration=-1
[     1] Failed GL4X API GetProcAddress: glTexDirectVIV !
[     2] Failed GL4X API GetProcAddress: glTexDirectInvalidateVIV !
[     3] Failed GL4X API GetProcAddress: glTexDirectVIVMap !
[     4] Failed GL4X API GetProcAddress: glTexDirectTiledMapVIV !
The Wayland connection broke. Did the Wayland compositor die?
The Wayland connection broke. Did the Wayland compositor die?
RTNETLINK answers: Operation not permitted
LOG (VoskAPI:ReadDataFiles():model.cc:213) Decoding params beam=10 max-active=3000 lattice-beam=2
LOG (VoskAPI:ReadDataFiles():model.cc:216) Silence phones 1:2:3:4:5:6:7:8:9:10
LOG (VoskAPI:RemoveOrphanNodes():nnet-nnet.cc:948) Removed 0 orphan nodes.
LOG (VoskAPI:RemoveOrphanComponents():nnet-nnet.cc:847) Removing 0 orphan components.
LOG (VoskAPI:ReadDataFiles():model.cc:248) Loading i-vector extractor from vosk-model-small-en-us-0.15/ivector/final.ie
LOG (VoskAPI:ComputeDerivedVars():ivector-extractor.cc:183) Computing derived variables for iVector extractor
LOG (VoskAPI:ComputeDerivedVars():ivector-extractor.cc:204) Done.
LOG (VoskAPI:ReadDataFiles():model.cc:282) Loading HCL and G from vosk-model-small-en-us-0.15/graph/HCLr.fst vosk-model-small-en-us-0.15/graph/Gr.fst
LOG (VoskAPI:ReadDataFiles():model.cc:308) Loading winfo vosk-model-small-en-us-0.15/graph/phones/word_boundary.int
LOG (VoskAPI:UpdateGrammarFst():recognizer.cc:287) ["close", "zoom in", "zoom out", "next", "back", "up", "down", "right", "left", "task", "document", "exit", "one", "two", "three", "four", "five", "six", "seven", "eight", "nine", "ten", "eleven", "twelve", "thirteen", "fourteen", "fifteen", "sixteen", "seventeen", "eighteen", "nineteen", "twenty", "help", "video", "play", "stop", "pause", "loud", "calm", "lang", "helmet", "turn", "standalone", "call", "setup", "arabic", "russian", "english", "audio", "volume", "reset", "microphone", "camera", "snapshot"]
LOG (VoskAPI:Estimate():language_model.cc:142) Estimating language model with ngram-order=2, discount=0.5
LOG (VoskAPI:OutputToFst():language_model.cc:209) Created language model with 56 states and 112 arcs.
[ WARN:0@7.276] global ./modules/videoio/src/cap_gstreamer.cpp (1405) open OpenCV | GStreamer warning: Cannot query video position: status=0, value=-1, duration=-1
[     1] Failed GL4X API GetProcAddress: glTexDirectVIV !
[     2] Failed GL4X API GetProcAddress: glTexDirectInvalidateVIV !
[     3] Failed GL4X API GetProcAddress: glTexDirectVIVMap !
[     4] Failed GL4X API GetProcAddress: glTexDirectTiledMapVIV !
The Wayland connection broke. Did the Wayland compositor die?
RTNETLINK answers: Operation not permitted
LOG (VoskAPI:ReadDataFiles():model.cc:213) Decoding params beam=10 max-active=3000 lattice-beam=2
LOG (VoskAPI:ReadDataFiles():model.cc:216) Silence phones 1:2:3:4:5:6:7:8:9:10
LOG (VoskAPI:RemoveOrphanNodes():nnet-nnet.cc:948) Removed 0 orphan nodes.
LOG (VoskAPI:RemoveOrphanComponents():nnet-nnet.cc:847) Removing 0 orphan components.
LOG (VoskAPI:ReadDataFiles():model.cc:248) Loading i-vector extractor from vosk-model-small-en-us-0.15/ivector/final.ie
LOG (VoskAPI:ComputeDerivedVars():ivector-extractor.cc:183) Computing derived variables for iVector extractor
LOG (VoskAPI:ComputeDerivedVars():ivector-extractor.cc:204) Done.
LOG (VoskAPI:ReadDataFiles():model.cc:282) Loading HCL and G from vosk-model-small-en-us-0.15/graph/HCLr.fst vosk-model-small-en-us-0.15/graph/Gr.fst
LOG (VoskAPI:ReadDataFiles():model.cc:308) Loading winfo vosk-model-small-en-us-0.15/graph/phones/word_boundary.int
LOG (VoskAPI:UpdateGrammarFst():recognizer.cc:287) ["close", "zoom in", "zoom out", "next", "back", "up", "down", "right", "left", "task", "document", "exit", "one", "two", "three", "four", "five", "six", "seven", "eight", "nine", "ten", "eleven", "twelve", "thirteen", "fourteen", "fifteen", "sixteen", "seventeen", "eighteen", "nineteen", "twenty", "help", "video", "play", "stop", "pause", "loud", "calm", "lang", "helmet", "turn", "standalone", "call", "setup", "arabic", "russian", "english", "audio", "volume", "reset", "microphone", "camera", "snapshot"]
LOG (VoskAPI:Estimate():language_model.cc:142) Estimating language model with ngram-order=2, discount=0.5
LOG (VoskAPI:OutputToFst():language_model.cc:209) Created language model with 56 states and 112 arcs.
[ WARN:0@7.141] global ./modules/videoio/src/cap_gstreamer.cpp (1405) open OpenCV | GStreamer warning: Cannot query video position: status=0, value=-1, duration=-1
[     1] Failed GL4X API GetProcAddress: glTexDirectVIV !
[     2] Failed GL4X API GetProcAddress: glTexDirectInvalidateVIV !
[     3] Failed GL4X API GetProcAddress: glTexDirectVIVMap !
[     4] Failed GL4X API GetProcAddress: glTexDirectTiledMapVIV !
RTNETLINK answers: Operation not permitted
