Set QT_LOGGING_RULES to *.debug=false;qt.qpa.*=false
GST_PLUGIN_PATH is already set to /usr/lib/aarch64-linux-gnu/gstreamer-1.0/
XDG_RUNTIME_DIR is already set to /run/user/0
WAYLAND_DISPLAY is already set to wayland-1
QT_QPA_PLATFORM is already set to wayland
DISPLAY is already set to :0
Set GST_DEBUG to 3
GST_PLUGIN_FEATURE_RANK is already set to vaapih264dec:256
Thu Oct 29 15:09:47 UTC 2020
Mon Aug 18 21:34:19 UTC 2025
width 1024,height 768, FPS 15
Set QT_LOGGING_RULES to *.debug=false;qt.qpa.*=false
GST_PLUGIN_PATH is already set to /usr/lib/aarch64-linux-gnu/gstreamer-1.0/
XDG_RUNTIME_DIR is already set to /run/user/0
WAYLAND_DISPLAY is already set to wayland-1
QT_QPA_PLATFORM is already set to wayland
DISPLAY is already set to :0
Set GST_DEBUG to 3
GST_PLUGIN_FEATURE_RANK is already set to vaapih264dec:256
Thu Oct 29 15:09:47 UTC 2020
Mon Aug 18 21:36:36 UTC 2025
width 1024,height 768, FPS 15
Set QT_LOGGING_RULES to *.debug=false;qt.qpa.*=false
GST_PLUGIN_PATH is already set to /usr/lib/aarch64-linux-gnu/gstreamer-1.0/
XDG_RUNTIME_DIR is already set to /run/user/0
WAYLAND_DISPLAY is already set to wayland-1
QT_QPA_PLATFORM is already set to wayland
DISPLAY is already set to :0
Set GST_DEBUG to 3
GST_PLUGIN_FEATURE_RANK is already set to vaapih264dec:256
Thu Oct 29 15:09:47 UTC 2020
Mon Aug 18 21:38:02 UTC 2025
width 1024,height 768, FPS 15
